2020-04-21 22:04:594 INFO  BrowserSelector :19 -  Launching Chrome Browser
2020-04-21 22:04:416 INFO  HomePage :31 - " Clicking on login link: " + _bankManagerLoginLink.toString()
2020-04-21 22:04:733 INFO  BankManagerLoginPage :27 -  Clicking on add customer link[[ChromeDriver: chrome on WINDOWS (40d9a2be0a2423f79fca6a4dac5bb0ea)] -> xpath: //button[contains(text(),'Add Customer')]]
2020-04-21 22:04:985 INFO  AddCustomerPage :30 -  Enter first name Ve3g to the first name field[[ChromeDriver: chrome on WINDOWS (40d9a2be0a2423f79fca6a4dac5bb0ea)] -> xpath: //input[@placeholder='First Name']]
2020-04-21 22:04:66 INFO  AddCustomerPage :36 -  Enter last name BhDWp to the last name field[[ChromeDriver: chrome on WINDOWS (40d9a2be0a2423f79fca6a4dac5bb0ea)] -> xpath: //input[@placeholder='Last Name']]
2020-04-21 22:04:138 INFO  AddCustomerPage :42 -  Enter post code HA3 to the post code field[[ChromeDriver: chrome on WINDOWS (40d9a2be0a2423f79fca6a4dac5bb0ea)] -> xpath: //input[@placeholder='Post Code']]
2020-04-21 22:04:349 INFO  HomePage :37 -  Clicking on Home Button [[ChromeDriver: chrome on WINDOWS (40d9a2be0a2423f79fca6a4dac5bb0ea)] -> xpath: //button[@class='btn home']]
2020-04-21 22:04:450 INFO  HomePage :31 - " Clicking on login link: " + _bankManagerLoginLink.toString()
2020-04-21 22:04:520 INFO  BankManagerLoginPage :34 -  Clicking on open account link[[ChromeDriver: chrome on WINDOWS (40d9a2be0a2423f79fca6a4dac5bb0ea)] -> xpath: //button[contains(text(),'Open Account')]]
2020-04-21 22:04:769 INFO  OpenAccountPage :28 -  Clicking on search customer field[[ChromeDriver: chrome on WINDOWS (40d9a2be0a2423f79fca6a4dac5bb0ea)] -> xpath: //select[@id='userSelect']]
2020-04-21 22:04:876 INFO  OpenAccountPage :34 -  Enter nameVe3g BhDWp on customer name field [[ChromeDriver: chrome on WINDOWS (40d9a2be0a2423f79fca6a4dac5bb0ea)] -> xpath: //select[@id='userSelect']]
2020-04-21 22:04:973 INFO  OpenAccountPage :41 -  clicking on Pound currency field[[ChromeDriver: chrome on WINDOWS (40d9a2be0a2423f79fca6a4dac5bb0ea)] -> xpath: //select[@id='currency']]
2020-04-21 22:04:68 INFO  OpenAccountPage :47 - Search Pound fieldPound from currency [[ChromeDriver: chrome on WINDOWS (40d9a2be0a2423f79fca6a4dac5bb0ea)] -> xpath: //select[@id='currency']]
2020-04-21 22:04:233 INFO  HomePage :37 -  Clicking on Home Button [[ChromeDriver: chrome on WINDOWS (40d9a2be0a2423f79fca6a4dac5bb0ea)] -> xpath: //button[@class='btn home']]
2020-04-21 22:04:561 INFO  OpenAccountPage :28 -  Clicking on search customer field[[ChromeDriver: chrome on WINDOWS (40d9a2be0a2423f79fca6a4dac5bb0ea)] -> xpath: //select[@id='userSelect']]
2020-04-21 22:04:649 INFO  OpenAccountPage :34 -  Enter nameVe3g BhDWp on customer name field [[ChromeDriver: chrome on WINDOWS (40d9a2be0a2423f79fca6a4dac5bb0ea)] -> xpath: //select[@id='userSelect']]
2020-04-21 22:04:737 INFO  CustomerLoginPage :27 -  Clicking onn login button[[ChromeDriver: chrome on WINDOWS (40d9a2be0a2423f79fca6a4dac5bb0ea)] -> xpath: //button[@class='btn btn-default']]
2020-04-21 22:04:935 INFO  AccountPage :44 -  Verify logout text Logout dispalyed on login page[[ChromeDriver: chrome on WINDOWS (40d9a2be0a2423f79fca6a4dac5bb0ea)] -> xpath: //button[@class='btn logout']]
2020-04-21 22:04:16 INFO  AccountPage :51 -  Click on logout button Proxy element for: DefaultElementLocator 'By.xpath: //button[@class='btn logout']'
2020-04-21 22:04:49 INFO  CustomerLoginPage :34 - Verify your name text Your Name : displayed on login page[[ChromeDriver: chrome on WINDOWS (40d9a2be0a2423f79fca6a4dac5bb0ea)] -> xpath: //label[contains(text(),'Your Name :')]]
2020-04-21 22:04:126 INFO  HomePage :37 -  Clicking on Home Button [[ChromeDriver: chrome on WINDOWS (40d9a2be0a2423f79fca6a4dac5bb0ea)] -> xpath: //button[@class='btn home']]
2020-04-21 22:04:264 INFO  OpenAccountPage :28 -  Clicking on search customer field[[ChromeDriver: chrome on WINDOWS (40d9a2be0a2423f79fca6a4dac5bb0ea)] -> xpath: //select[@id='userSelect']]
2020-04-21 22:04:359 INFO  OpenAccountPage :34 -  Enter nameVe3g BhDWp on customer name field [[ChromeDriver: chrome on WINDOWS (40d9a2be0a2423f79fca6a4dac5bb0ea)] -> xpath: //select[@id='userSelect']]
2020-04-21 22:04:436 INFO  CustomerLoginPage :27 -  Clicking onn login buttonProxy element for: DefaultElementLocator 'By.xpath: //button[@class='btn btn-default']'
2020-04-21 22:04:495 INFO  AccountPage :58 -  Click on deposit tab [[ChromeDriver: chrome on WINDOWS (40d9a2be0a2423f79fca6a4dac5bb0ea)] -> xpath: //button[contains(text(),'Deposit')]]
2020-04-21 22:04:895 INFO  AccountPage :66 -  Enter £100 on deposit field [[ChromeDriver: chrome on WINDOWS (40d9a2be0a2423f79fca6a4dac5bb0ea)] -> xpath: //input[@placeholder='amount']]
2020-04-21 22:04:957 INFO  AccountPage :73 -  Clicking on deposite button [[ChromeDriver: chrome on WINDOWS (40d9a2be0a2423f79fca6a4dac5bb0ea)] -> xpath: //button[@class='btn btn-default']]
2020-04-21 22:04:996 INFO  AccountPage :79 -  Verify Deposite successful text Deposit Successful displayed on account page[[ChromeDriver: chrome on WINDOWS (40d9a2be0a2423f79fca6a4dac5bb0ea)] -> xpath: //span[@class='error ng-binding']]
2020-04-21 22:04:70 INFO  HomePage :37 -  Clicking on Home Button [[ChromeDriver: chrome on WINDOWS (40d9a2be0a2423f79fca6a4dac5bb0ea)] -> xpath: //button[@class='btn home']]
2020-04-21 22:04:200 INFO  OpenAccountPage :28 -  Clicking on search customer field[[ChromeDriver: chrome on WINDOWS (40d9a2be0a2423f79fca6a4dac5bb0ea)] -> xpath: //select[@id='userSelect']]
2020-04-21 22:04:287 INFO  OpenAccountPage :34 -  Enter nameVe3g BhDWp on customer name field [[ChromeDriver: chrome on WINDOWS (40d9a2be0a2423f79fca6a4dac5bb0ea)] -> xpath: //select[@id='userSelect']]
2020-04-21 22:04:396 INFO  CustomerLoginPage :27 -  Clicking onn login buttonProxy element for: DefaultElementLocator 'By.xpath: //button[@class='btn btn-default']'
2020-04-21 22:04:449 INFO  AccountPage :85 -  Clicking withdrawal tab[[ChromeDriver: chrome on WINDOWS (40d9a2be0a2423f79fca6a4dac5bb0ea)] -> xpath: //button[contains(text(),'Withdrawl')]]
2020-04-21 22:04:903 INFO  AccountPage :91 -  Enter £50 in withdrawal field50 to withdraw money[[ChromeDriver: chrome on WINDOWS (40d9a2be0a2423f79fca6a4dac5bb0ea)] -> xpath: //input[@placeholder='amount']]
2020-04-21 22:04:970 INFO  AccountPage :97 -  Clicking withdrawal button [[ChromeDriver: chrome on WINDOWS (40d9a2be0a2423f79fca6a4dac5bb0ea)] -> xpath: //button[@class='btn btn-default']]
2020-04-21 22:04:06 INFO  AccountPage :103 -  Verify transaction success text Transaction successful for withdrawal amt[[ChromeDriver: chrome on WINDOWS (40d9a2be0a2423f79fca6a4dac5bb0ea)] -> xpath: //span[@class='error ng-binding']]
2020-04-21 22:04:86 INFO  HomePage :37 -  Clicking on Home Button [[ChromeDriver: chrome on WINDOWS (40d9a2be0a2423f79fca6a4dac5bb0ea)] -> xpath: //button[@class='btn home']]
2020-04-21 22:04:172 INFO  HomePage :31 - " Clicking on login link: " + _bankManagerLoginLink.toString()
2020-04-21 22:04:234 INFO  BankManagerLoginPage :40 -  Clickink on customer link[[ChromeDriver: chrome on WINDOWS (40d9a2be0a2423f79fca6a4dac5bb0ea)] -> xpath: //button[contains(text(),'Customers')]]
2020-04-21 22:04:468 INFO  CustomersPage :23 -  Clicking on search customer field[[ChromeDriver: chrome on WINDOWS (40d9a2be0a2423f79fca6a4dac5bb0ea)] -> xpath: //input[@placeholder='Search Customer']]
2020-04-21 22:04:517 INFO  CustomersPage :29 -  Enter text Ve3g to search customer field[[ChromeDriver: chrome on WINDOWS (40d9a2be0a2423f79fca6a4dac5bb0ea)] -> xpath: //input[@placeholder='Search Customer']]
2020-04-21 22:04:589 INFO  CustomersPage :35 -  Delete customer Proxy element for: DefaultElementLocator 'By.xpath: //button[contains(text(),'Delete')]'
2020-04-21 22:04:626 INFO  BrowserSelector :19 -  Launching Chrome Browser
2020-04-21 22:04:952 INFO  HomePage :31 - " Clicking on login link: " + _bankManagerLoginLink.toString()
2020-04-21 22:04:270 INFO  BankManagerLoginPage :27 -  Clicking on add customer link[[ChromeDriver: chrome on WINDOWS (12b35d0bcd9b64a7795912c235f8d981)] -> xpath: //button[contains(text(),'Add Customer')]]
2020-04-21 22:04:514 INFO  AddCustomerPage :30 -  Enter first name M1oM to the first name field[[ChromeDriver: chrome on WINDOWS (12b35d0bcd9b64a7795912c235f8d981)] -> xpath: //input[@placeholder='First Name']]
2020-04-21 22:04:588 INFO  AddCustomerPage :36 -  Enter last name ut3U4 to the last name field[[ChromeDriver: chrome on WINDOWS (12b35d0bcd9b64a7795912c235f8d981)] -> xpath: //input[@placeholder='Last Name']]
2020-04-21 22:04:654 INFO  AddCustomerPage :42 -  Enter post code HA3 to the post code field[[ChromeDriver: chrome on WINDOWS (12b35d0bcd9b64a7795912c235f8d981)] -> xpath: //input[@placeholder='Post Code']]
2020-04-21 22:04:959 INFO  BrowserSelector :19 -  Launching Chrome Browser
2020-04-21 22:04:320 INFO  BrowserSelector :19 -  Launching Chrome Browser
2020-04-21 22:04:565 INFO  HomePage :37 -  Clicking on Home Button [[ChromeDriver: chrome on WINDOWS (48127226429cb0dea17f086113a0d308)] -> xpath: //button[@class='btn home']]
2020-04-21 22:04:682 INFO  HomePage :31 - " Clicking on login link: " + _bankManagerLoginLink.toString()
2020-04-21 22:04:913 INFO  BankManagerLoginPage :34 -  Clicking on open account link[[ChromeDriver: chrome on WINDOWS (48127226429cb0dea17f086113a0d308)] -> xpath: //button[contains(text(),'Open Account')]]
2020-04-21 22:04:345 INFO  OpenAccountPage :28 -  Clicking on search customer field[[ChromeDriver: chrome on WINDOWS (48127226429cb0dea17f086113a0d308)] -> xpath: //select[@id='userSelect']]
